<?xml version="1.0" encoding="UTF-8"?>
<!-- Generated by org.testng.reporters.JUnitReportReporter -->
<testsuite skipped="0" hostname="Mouse-PC" name="com.softserve.edu.task1.test.ChessBoardTest" tests="4" failures="0" timestamp="07 июн 2017 11:09:38 GMT" time="0.017" errors="0">
  <testcase name="createObjectNegativeHeight_ExceptionThrown" time="0.012" classname="com.softserve.edu.task1.test.ChessBoardTest"/>
  <testcase name="createObjectNegativeWidth_ExceptionThrown" time="0.002" classname="com.softserve.edu.task1.test.ChessBoardTest"/>
  <testcase name="createObjectWrongHeightFormat_ExceptionThrown" time="0.002" classname="com.softserve.edu.task1.test.ChessBoardTest"/>
  <testcase name="createObjectWrongWidthFormat_ExceptionThrown" time="0.001" classname="com.softserve.edu.task1.test.ChessBoardTest"/>
</testsuite> <!-- com.softserve.edu.task1.test.ChessBoardTest -->
